{
  "stats": {
    "suites": 4,
    "tests": 4,
    "passes": 4,
    "pending": 0,
    "failures": 0,
    "testsRegistered": 4,
    "passPercent": 100,
    "pendingPercent": 0,
    "other": 0,
    "hasOther": false,
    "skipped": 0,
    "hasSkipped": false,
    "start": "2023-09-06T11:10:57.238Z",
    "end": "2023-09-06T11:12:00.073Z",
    "duration": 62835
  },
  "results": [
    {
      "uuid": "4e74fd5f-20c5-41b5-90be-12f15a57cdb5",
      "title": "",
      "fullFile": "cypress\\e2e\\signUP\\signUpTest.cy.js",
      "file": "cypress\\e2e\\signUP\\signUpTest.cy.js",
      "beforeHooks": [],
      "afterHooks": [],
      "tests": [],
      "suites": [
        {
          "uuid": "885fa631-a42c-403c-96de-a2e0a9e9d197",
          "title": "Sign Up to Blaze",
          "fullFile": "",
          "file": "",
          "beforeHooks": [],
          "afterHooks": [],
          "tests": [
            {
              "title": "Sign up to the system, click on the alert",
              "fullTitle": "Sign Up to Blaze Sign up to the system, click on the alert",
              "timedOut": null,
              "duration": 2257,
              "state": "passed",
              "speed": "fast",
              "pass": true,
              "fail": false,
              "pending": false,
              "context": null,
              "code": "//Navigate to site\n//Variables\nconst username = 'denisa';\nconst password = 'automation';\nconst alertMessage = 'This user already exist.';\n//Navigate and sign up\n_navigationPage.navigateTo.signUpMenu();\n_signUpPage.signUp.signInWithUsernamePassword(username, password);\ncy.confirmPopup(alertMessage);",
              "err": {},
              "uuid": "a0ec5d87-824c-4509-94b7-7b3f489fb690",
              "parentUUID": "885fa631-a42c-403c-96de-a2e0a9e9d197",
              "isHook": false,
              "skipped": false
            }
          ],
          "suites": [],
          "passes": [
            "a0ec5d87-824c-4509-94b7-7b3f489fb690"
          ],
          "failures": [],
          "pending": [],
          "skipped": [],
          "duration": 2257,
          "root": false,
          "rootEmpty": false,
          "_timeout": 2000
        }
      ],
      "passes": [],
      "failures": [],
      "pending": [],
      "skipped": [],
      "duration": 0,
      "root": true,
      "rootEmpty": true,
      "_timeout": 2000
    },
    {
      "uuid": "f0c6ff92-a9c5-441b-bcb4-f68a955edeb4",
      "title": "",
      "fullFile": "cypress\\e2e\\cart-addition\\cart-additionTest.cy.js",
      "file": "cypress\\e2e\\cart-addition\\cart-additionTest.cy.js",
      "beforeHooks": [],
      "afterHooks": [],
      "tests": [],
      "suites": [
        {
          "uuid": "dba76b14-c66a-4f4d-bc1e-8e26dd835729",
          "title": "Add items to cart and check API response",
          "fullFile": "",
          "file": "",
          "beforeHooks": [],
          "afterHooks": [],
          "tests": [
            {
              "title": "Navigate to dashboard and add Items to card, check API",
              "fullTitle": "Add items to cart and check API response Navigate to dashboard and add Items to card, check API",
              "timedOut": null,
              "duration": 6201,
              "state": "passed",
              "speed": "medium",
              "pass": true,
              "fail": false,
              "pending": false,
              "context": null,
              "code": "//We need to add it before the commands\ncy.intercept('POST', Cypress.env('apiURL') + '/viewcart').as('itemsCart');\nconst alertMessage = 'Product added';\n_navigationPage.navigateTo.homeMenu();\n_homePage.homeDash.clickOnItems('Samsung galaxy s6');\n_homePage.homeDash.addItemToCart();\ncy.confirmPopup(alertMessage);\n_navigationPage.navigateTo.homeMenu();\n_homePage.homeDash.clickOnItems('Nokia lumia 1520');\n_homePage.homeDash.addItemToCart();\ncy.confirmPopup(alertMessage);\n//Navigate to cart and confirm the items were added\n_navigationPage.navigateTo.cartMenu();\ncy.wait('@itemsCart').then(xhr => {\n  console.log(xhr);\n  expect(xhr.response.statusCode).to.equal(200);\n});",
              "err": {},
              "uuid": "a68df2f5-7929-430f-bb38-928716b8a55f",
              "parentUUID": "dba76b14-c66a-4f4d-bc1e-8e26dd835729",
              "isHook": false,
              "skipped": false
            }
          ],
          "suites": [],
          "passes": [
            "a68df2f5-7929-430f-bb38-928716b8a55f"
          ],
          "failures": [],
          "pending": [],
          "skipped": [],
          "duration": 6201,
          "root": false,
          "rootEmpty": false,
          "_timeout": 2000
        }
      ],
      "passes": [],
      "failures": [],
      "pending": [],
      "skipped": [],
      "duration": 0,
      "root": true,
      "rootEmpty": true,
      "_timeout": 2000
    },
    {
      "uuid": "8d9a0327-c14e-431a-ac76-3c50e1a7e28e",
      "title": "",
      "fullFile": "cypress\\e2e\\signUP\\signUpTest.cy.js",
      "file": "cypress\\e2e\\signUP\\signUpTest.cy.js",
      "beforeHooks": [],
      "afterHooks": [],
      "tests": [],
      "suites": [
        {
          "uuid": "42c33a63-c3bf-41f9-8f9a-3c12547c74d9",
          "title": "Sign Up to Blaze",
          "fullFile": "",
          "file": "",
          "beforeHooks": [],
          "afterHooks": [],
          "tests": [
            {
              "title": "Sign up to the system, click on the alert",
              "fullTitle": "Sign Up to Blaze Sign up to the system, click on the alert",
              "timedOut": null,
              "duration": 2672,
              "state": "passed",
              "speed": "fast",
              "pass": true,
              "fail": false,
              "pending": false,
              "context": null,
              "code": "//Navigate to site\n//Variables\nconst username = 'denisa';\nconst password = 'automation';\nconst alertMessage = 'This user already exist.';\n//Navigate and sign up\n_navigationPage.navigateTo.signUpMenu();\n_signUpPage.signUp.signInWithUsernamePassword(username, password);\ncy.confirmPopup(alertMessage);",
              "err": {},
              "uuid": "a61a5213-1d86-4842-a3a6-d2777137ba50",
              "parentUUID": "42c33a63-c3bf-41f9-8f9a-3c12547c74d9",
              "isHook": false,
              "skipped": false
            }
          ],
          "suites": [],
          "passes": [
            "a61a5213-1d86-4842-a3a6-d2777137ba50"
          ],
          "failures": [],
          "pending": [],
          "skipped": [],
          "duration": 2672,
          "root": false,
          "rootEmpty": false,
          "_timeout": 2000
        }
      ],
      "passes": [],
      "failures": [],
      "pending": [],
      "skipped": [],
      "duration": 0,
      "root": true,
      "rootEmpty": true,
      "_timeout": 2000
    },
    {
      "uuid": "5f771bc0-68e8-45df-b3ae-f9271a2042d3",
      "title": "",
      "fullFile": "cypress\\e2e\\cart-addition\\cart-additionTest.cy.js",
      "file": "cypress\\e2e\\cart-addition\\cart-additionTest.cy.js",
      "beforeHooks": [],
      "afterHooks": [],
      "tests": [],
      "suites": [
        {
          "uuid": "f7aeea4b-96e3-4337-965e-16ca7cbd0c61",
          "title": "Add items to cart and check API response",
          "fullFile": "",
          "file": "",
          "beforeHooks": [],
          "afterHooks": [],
          "tests": [
            {
              "title": "Navigate to dashboard and add Items to card, check API",
              "fullTitle": "Add items to cart and check API response Navigate to dashboard and add Items to card, check API",
              "timedOut": null,
              "duration": 6990,
              "state": "passed",
              "speed": "medium",
              "pass": true,
              "fail": false,
              "pending": false,
              "context": null,
              "code": "//We need to add it before the commands\ncy.intercept('POST', Cypress.env('apiURL') + '/viewcart').as('itemsCart');\nconst alertMessage = 'Product added';\n_navigationPage.navigateTo.homeMenu();\n_homePage.homeDash.clickOnItems('Samsung galaxy s6');\n_homePage.homeDash.addItemToCart();\ncy.confirmPopup(alertMessage);\n_navigationPage.navigateTo.homeMenu();\n_homePage.homeDash.clickOnItems('Nokia lumia 1520');\n_homePage.homeDash.addItemToCart();\ncy.confirmPopup(alertMessage);\n//Navigate to cart and confirm the items were added\n_navigationPage.navigateTo.cartMenu();\ncy.wait('@itemsCart').then(xhr => {\n  console.log(xhr);\n  expect(xhr.response.statusCode).to.equal(200);\n});",
              "err": {},
              "uuid": "bf54ec5d-3abe-4362-86fc-2aa4175e9b27",
              "parentUUID": "f7aeea4b-96e3-4337-965e-16ca7cbd0c61",
              "isHook": false,
              "skipped": false
            }
          ],
          "suites": [],
          "passes": [
            "bf54ec5d-3abe-4362-86fc-2aa4175e9b27"
          ],
          "failures": [],
          "pending": [],
          "skipped": [],
          "duration": 6990,
          "root": false,
          "rootEmpty": false,
          "_timeout": 2000
        }
      ],
      "passes": [],
      "failures": [],
      "pending": [],
      "skipped": [],
      "duration": 0,
      "root": true,
      "rootEmpty": true,
      "_timeout": 2000
    }
  ],
  "meta": {
    "mocha": {
      "version": "7.0.1"
    },
    "mochawesome": {
      "options": {
        "quiet": false,
        "reportFilename": "mochawesome",
        "saveHtml": false,
        "saveJson": true,
        "consoleReporter": "spec",
        "useInlineDiffs": false,
        "code": true
      },
      "version": "7.1.3"
    },
    "marge": {
      "options": {
        "id": "default",
        "reportDir": "cypress/results/mochawesome",
        "overwrite": false,
        "html": false,
        "json": true
      },
      "version": "6.2.0"
    }
  }
}